\BOOKMARK [1][-]{section.1}{\376\377\000W\000i\000d\000t\000h\000\040\000=\000\040\0001\0000}{}% 1
\BOOKMARK [2][-]{subsection.1.1}{\376\377\000M\000e\000a\000n\000\040\000S\000q\000u\000a\000r\000e\000\040\000E\000r\000r\000o\000r}{section.1}% 2
\BOOKMARK [3][-]{subsubsection.1.1.1}{\376\377\000S\000t\000a\000n\000d\000a\000r\000d\000\040\000E\000r\000r\000o\000r\000\040\000=\000\040\0000\000.\0000\0001}{subsection.1.1}% 3
\BOOKMARK [3][-]{subsubsection.1.1.2}{\376\377\000S\000t\000a\000n\000d\000a\000r\000d\000\040\000E\000r\000r\000o\000r\000\040\000=\000\040\0000\000.\0001}{subsection.1.1}% 4
\BOOKMARK [3][-]{subsubsection.1.1.3}{\376\377\000S\000t\000a\000n\000d\000a\000r\000d\000\040\000E\000r\000r\000o\000r\000\040\000=\000\040\0001}{subsection.1.1}% 5
\BOOKMARK [2][-]{subsection.1.2}{\376\377\000M\000e\000a\000n\000\040\000A\000b\000s\000o\000l\000u\000t\000e\000\040\000E\000r\000r\000o\000r}{section.1}% 6
\BOOKMARK [3][-]{subsubsection.1.2.1}{\376\377\000S\000t\000a\000n\000d\000a\000r\000d\000\040\000E\000r\000r\000o\000r\000\040\000=\000\040\0000\000.\0000\0001}{subsection.1.2}% 7
\BOOKMARK [3][-]{subsubsection.1.2.2}{\376\377\000S\000t\000a\000n\000d\000a\000r\000d\000\040\000E\000r\000r\000o\000r\000\040\000=\000\040\0000\000.\0001}{subsection.1.2}% 8
\BOOKMARK [3][-]{subsubsection.1.2.3}{\376\377\000S\000t\000a\000n\000d\000a\000r\000d\000\040\000E\000r\000r\000o\000r\000\040\000=\000\040\0001}{subsection.1.2}% 9
\BOOKMARK [1][-]{section.2}{\376\377\000W\000i\000d\000t\000h\000\040\000=\000\040\0005\0000}{}% 10
\BOOKMARK [2][-]{subsection.2.1}{\376\377\000M\000e\000a\000n\000\040\000S\000q\000u\000a\000r\000e\000\040\000E\000r\000r\000o\000r}{section.2}% 11
\BOOKMARK [3][-]{subsubsection.2.1.1}{\376\377\000S\000t\000a\000n\000d\000a\000r\000d\000\040\000E\000r\000r\000o\000r\000\040\000=\000\040\0000\000.\0000\0001}{subsection.2.1}% 12
\BOOKMARK [3][-]{subsubsection.2.1.2}{\376\377\000S\000t\000a\000n\000d\000a\000r\000d\000\040\000E\000r\000r\000o\000r\000\040\000=\000\040\0000\000.\0001}{subsection.2.1}% 13
\BOOKMARK [3][-]{subsubsection.2.1.3}{\376\377\000S\000t\000a\000n\000d\000a\000r\000d\000\040\000E\000r\000r\000o\000r\000\040\000=\000\040\0001}{subsection.2.1}% 14
\BOOKMARK [2][-]{subsection.2.2}{\376\377\000M\000e\000a\000n\000\040\000A\000b\000s\000o\000l\000u\000t\000e\000\040\000E\000r\000r\000o\000r}{section.2}% 15
\BOOKMARK [3][-]{subsubsection.2.2.1}{\376\377\000S\000t\000a\000n\000d\000a\000r\000d\000\040\000E\000r\000r\000o\000r\000\040\000=\000\040\0000\000.\0000\0001}{subsection.2.2}% 16
\BOOKMARK [3][-]{subsubsection.2.2.2}{\376\377\000S\000t\000a\000n\000d\000a\000r\000d\000\040\000E\000r\000r\000o\000r\000\040\000=\000\040\0000\000.\0001}{subsection.2.2}% 17
\BOOKMARK [3][-]{subsubsection.2.2.3}{\376\377\000S\000t\000a\000n\000d\000a\000r\000d\000\040\000E\000r\000r\000o\000r\000\040\000=\000\040\0001}{subsection.2.2}% 18
\BOOKMARK [1][-]{section.3}{\376\377\000W\000i\000d\000t\000h\000\040\000=\000\040\0001\0000\0000}{}% 19
\BOOKMARK [2][-]{subsection.3.1}{\376\377\000M\000e\000a\000n\000\040\000S\000q\000u\000a\000r\000e\000\040\000E\000r\000r\000o\000r}{section.3}% 20
\BOOKMARK [3][-]{subsubsection.3.1.1}{\376\377\000S\000t\000a\000n\000d\000a\000r\000d\000\040\000E\000r\000r\000o\000r\000\040\000=\000\040\0000\000.\0000\0001}{subsection.3.1}% 21
\BOOKMARK [3][-]{subsubsection.3.1.2}{\376\377\000S\000t\000a\000n\000d\000a\000r\000d\000\040\000E\000r\000r\000o\000r\000\040\000=\000\040\0000\000.\0001}{subsection.3.1}% 22
\BOOKMARK [3][-]{subsubsection.3.1.3}{\376\377\000S\000t\000a\000n\000d\000a\000r\000d\000\040\000E\000r\000r\000o\000r\000\040\000=\000\040\0001}{subsection.3.1}% 23
\BOOKMARK [2][-]{subsection.3.2}{\376\377\000M\000e\000a\000n\000\040\000A\000b\000s\000o\000l\000u\000t\000e\000\040\000E\000r\000r\000o\000r}{section.3}% 24
\BOOKMARK [3][-]{subsubsection.3.2.1}{\376\377\000S\000t\000a\000n\000d\000a\000r\000d\000\040\000E\000r\000r\000o\000r\000\040\000=\000\040\0000\000.\0000\0001}{subsection.3.2}% 25
\BOOKMARK [3][-]{subsubsection.3.2.2}{\376\377\000S\000t\000a\000n\000d\000a\000r\000d\000\040\000E\000r\000r\000o\000r\000\040\000=\000\040\0000\000.\0001}{subsection.3.2}% 26
\BOOKMARK [3][-]{subsubsection.3.2.3}{\376\377\000S\000t\000a\000n\000d\000a\000r\000d\000\040\000E\000r\000r\000o\000r\000\040\000=\000\040\0001}{subsection.3.2}% 27
